<?xml version="1.0" encoding="UTF-8"?>
<!-- Generated by org.testng.reporters.JUnitXMLReporter -->
<testsuite ignored="0" hostname="Sanjays-Mac-mini.local" failures="0" tests="16" name="Test" time="40.019" errors="0" timestamp="23 Mar 2024 14:12:42 GMT">
  <testcase classname="testScenarios.DynamicData" name="MathCal" time="2.26"/>
  <testcase classname="testScenarios.MouseHover" name="draganddrop" time="2.668"/>
  <testcase classname="Pratice.textBox" name="dropdown" time="9.974"/>
  <testcase classname="testScenarios.PracticePage" name="CheckBox" time="1.984"/>
  <testcase classname="testScenarios.PracticePage" name="RadioButton" time="1.168"/>
  <testcase classname="testScenarios.PracticePage" name="SwitchWindow" time="6.37"/>
  <testcase classname="testScenarios.SwitchingWindows" name="switchWin" time="5.748"/>
  <testcase classname="testScenarios.PracticePage" name="DropDown" time="0.58"/>
  <testcase classname="testScenarios.PracticePage" name="MultipleSelect" time="0.696"/>
  <testcase classname="testScenarios.PracticePage" name="EnableDisable" time="1.313"/>
  <testcase classname="testScenarios.PracticePage" name="switchalrt" time="4.138"/>
  <testcase classname="testScenarios.PracticePage" name="mouseHover" time="1.581"/>
  <testcase classname="testScenarios.PracticePage" name="writeWT" time="0.694"/>
  <testcase classname="testScenarios.PracticePage" name="ReadWT" time="0.0"/>
  <testcase classname="testScenarios.PracticePage" name="Webtabledata" time="0.824"/>
  <testcase classname="testScenarios.PracticePage" name="compareData" time="0.001"/>
</testsuite> <!-- Test -->
