<?xml version="1.0" encoding="UTF-8"?>
<testng-results ignored="0" total="15" passed="15" failed="0" skipped="0">
  <reporter-output>
    <line>
      <![CDATA[Data not Matched with TextFile]]>
    </line>
    <line>
      <![CDATA[Data not Matched with TextFile]]>
    </line>
    <line>
      <![CDATA[Data not Matched with TextFile]]>
    </line>
  </reporter-output>
  <suite started-at="2024-03-20T22:30:27Z" name="Suite" finished-at="2024-03-20T22:31:48Z" duration-ms="80575">
    <groups>
    </groups>
    <test started-at="2024-03-20T22:30:27Z" name="Test" finished-at="2024-03-20T22:31:48Z" duration-ms="80575">
      <class name="testScenarios.PracticePage">
        <test-method signature="CheckBox()[pri:0, instance:testScenarios.PracticePage@535779e4]" started-at="2024-03-20T17:31:20Z" name="CheckBox" description="checkbox" finished-at="2024-03-20T17:31:24Z" duration-ms="4150" status="PASS">
          <reporter-output>
          </reporter-output>
        </test-method> <!-- CheckBox -->
        <test-method signature="RadioButton()[pri:0, instance:testScenarios.PracticePage@535779e4]" started-at="2024-03-20T17:31:24Z" name="RadioButton" description="radiobutton" finished-at="2024-03-20T17:31:26Z" duration-ms="2007" status="PASS">
          <reporter-output>
          </reporter-output>
        </test-method> <!-- RadioButton -->
        <test-method signature="SwitchWindow()[pri:0, instance:testScenarios.PracticePage@535779e4]" started-at="2024-03-20T17:31:26Z" name="SwitchWindow" description="switchwindows" finished-at="2024-03-20T17:31:33Z" duration-ms="6692" status="PASS">
          <reporter-output>
          </reporter-output>
        </test-method> <!-- SwitchWindow -->
        <test-method signature="DropDown()[pri:4, instance:testScenarios.PracticePage@535779e4]" started-at="2024-03-20T17:31:38Z" name="DropDown" description="dropdown" finished-at="2024-03-20T17:31:38Z" duration-ms="617" status="PASS">
          <reporter-output>
          </reporter-output>
        </test-method> <!-- DropDown -->
        <test-method signature="MultipleSelect()[pri:5, instance:testScenarios.PracticePage@535779e4]" started-at="2024-03-20T17:31:38Z" name="MultipleSelect" description="multipleSelect" finished-at="2024-03-20T17:31:39Z" duration-ms="707" status="PASS">
          <reporter-output>
          </reporter-output>
        </test-method> <!-- MultipleSelect -->
        <test-method signature="EnableDisable()[pri:6, instance:testScenarios.PracticePage@535779e4]" started-at="2024-03-20T17:31:39Z" name="EnableDisable" description="Enabled" finished-at="2024-03-20T17:31:40Z" duration-ms="940" status="PASS">
          <reporter-output>
          </reporter-output>
        </test-method> <!-- EnableDisable -->
        <test-method signature="switchalrt()[pri:7, instance:testScenarios.PracticePage@535779e4]" started-at="2024-03-20T17:31:40Z" name="switchalrt" description="switchalert" finished-at="2024-03-20T17:31:44Z" duration-ms="4475" status="PASS">
          <reporter-output>
          </reporter-output>
        </test-method> <!-- switchalrt -->
        <test-method signature="mouseHover()[pri:8, instance:testScenarios.PracticePage@535779e4]" started-at="2024-03-20T17:31:44Z" name="mouseHover" description="mousehover" finished-at="2024-03-20T17:31:46Z" duration-ms="1677" status="PASS">
          <reporter-output>
          </reporter-output>
        </test-method> <!-- mouseHover -->
        <test-method signature="writeWT()[pri:9, instance:testScenarios.PracticePage@535779e4]" started-at="2024-03-20T17:31:46Z" name="writeWT" finished-at="2024-03-20T17:31:47Z" duration-ms="943" status="PASS">
          <reporter-output>
          </reporter-output>
        </test-method> <!-- writeWT -->
        <test-method signature="ReadWT()[pri:10, instance:testScenarios.PracticePage@535779e4]" started-at="2024-03-20T17:31:47Z" name="ReadWT" finished-at="2024-03-20T17:31:47Z" duration-ms="0" status="PASS">
          <reporter-output>
          </reporter-output>
        </test-method> <!-- ReadWT -->
        <test-method signature="Webtabledata()[pri:11, instance:testScenarios.PracticePage@535779e4]" started-at="2024-03-20T17:31:47Z" name="Webtabledata" finished-at="2024-03-20T17:31:48Z" duration-ms="624" status="PASS">
          <reporter-output>
          </reporter-output>
        </test-method> <!-- Webtabledata -->
        <test-method signature="compareData()[pri:12, instance:testScenarios.PracticePage@535779e4]" started-at="2024-03-20T17:31:48Z" name="compareData" finished-at="2024-03-20T17:31:48Z" duration-ms="1" status="PASS">
          <reporter-output>
            <line>
              <![CDATA[Data not Matched with TextFile]]>
            </line>
            <line>
              <![CDATA[Data not Matched with TextFile]]>
            </line>
            <line>
              <![CDATA[Data not Matched with TextFile]]>
            </line>
          </reporter-output>
        </test-method> <!-- compareData -->
      </class> <!-- testScenarios.PracticePage -->
      <class name="testScenarios.SwitchingWindows">
        <test-method signature="switchWin()[pri:0, instance:testScenarios.SwitchingWindows@5e4bd84a]" started-at="2024-03-20T17:30:27Z" name="switchWin" finished-at="2024-03-20T17:31:20Z" duration-ms="52871" status="PASS">
          <reporter-output>
          </reporter-output>
        </test-method> <!-- switchWin -->
      </class> <!-- testScenarios.SwitchingWindows -->
      <class name="testScenarios.MouseHover">
        <test-method signature="draganddrop()[pri:0, instance:testScenarios.MouseHover@6c0d9d86]" started-at="2024-03-20T17:31:35Z" name="draganddrop" finished-at="2024-03-20T17:31:38Z" duration-ms="2651" status="PASS">
          <reporter-output>
          </reporter-output>
        </test-method> <!-- draganddrop -->
      </class> <!-- testScenarios.MouseHover -->
      <class name="testScenarios.DynamicData">
        <test-method signature="MathCal()[pri:0, instance:testScenarios.DynamicData@53fd0d10]" started-at="2024-03-20T17:31:33Z" name="MathCal" finished-at="2024-03-20T17:31:35Z" duration-ms="2203" status="PASS">
          <reporter-output>
          </reporter-output>
        </test-method> <!-- MathCal -->
      </class> <!-- testScenarios.DynamicData -->
    </test> <!-- Test -->
  </suite> <!-- Suite -->
</testng-results>
