<?xml version="1.0" encoding="UTF-8"?>
<testng-results ignored="0" total="16" passed="16" failed="0" skipped="0">
  <reporter-output>
    <line>
      <![CDATA[Data not Matched with TextFile]]>
    </line>
    <line>
      <![CDATA[Data not Matched with TextFile]]>
    </line>
    <line>
      <![CDATA[Data not Matched with TextFile]]>
    </line>
  </reporter-output>
  <suite started-at="2024-03-23T14:12:02Z" name="Suite" finished-at="2024-03-23T14:12:42Z" duration-ms="40019">
    <groups>
    </groups>
    <test started-at="2024-03-23T14:12:02Z" name="Test" finished-at="2024-03-23T14:12:42Z" duration-ms="40019">
      <class name="testScenarios.PracticePage">
        <test-method signature="CheckBox()[pri:0, instance:testScenarios.PracticePage@6d1ef78d]" started-at="2024-03-23T09:12:17Z" name="CheckBox" description="checkbox" finished-at="2024-03-23T09:12:19Z" duration-ms="1984" status="PASS">
          <reporter-output>
          </reporter-output>
        </test-method> <!-- CheckBox -->
        <test-method signature="RadioButton()[pri:0, instance:testScenarios.PracticePage@6d1ef78d]" started-at="2024-03-23T09:12:19Z" name="RadioButton" description="radiobutton" finished-at="2024-03-23T09:12:20Z" duration-ms="1168" status="PASS">
          <reporter-output>
          </reporter-output>
        </test-method> <!-- RadioButton -->
        <test-method signature="SwitchWindow()[pri:0, instance:testScenarios.PracticePage@6d1ef78d]" started-at="2024-03-23T09:12:20Z" name="SwitchWindow" description="switchwindows" finished-at="2024-03-23T09:12:27Z" duration-ms="6370" status="PASS">
          <reporter-output>
          </reporter-output>
        </test-method> <!-- SwitchWindow -->
        <test-method signature="DropDown()[pri:4, instance:testScenarios.PracticePage@6d1ef78d]" started-at="2024-03-23T09:12:33Z" name="DropDown" description="dropdown" finished-at="2024-03-23T09:12:33Z" duration-ms="580" status="PASS">
          <reporter-output>
          </reporter-output>
        </test-method> <!-- DropDown -->
        <test-method signature="MultipleSelect()[pri:5, instance:testScenarios.PracticePage@6d1ef78d]" started-at="2024-03-23T09:12:33Z" name="MultipleSelect" description="multipleSelect" finished-at="2024-03-23T09:12:34Z" duration-ms="696" status="PASS">
          <reporter-output>
          </reporter-output>
        </test-method> <!-- MultipleSelect -->
        <test-method signature="EnableDisable()[pri:6, instance:testScenarios.PracticePage@6d1ef78d]" started-at="2024-03-23T09:12:34Z" name="EnableDisable" description="Enabled" finished-at="2024-03-23T09:12:35Z" duration-ms="1313" status="PASS">
          <reporter-output>
          </reporter-output>
        </test-method> <!-- EnableDisable -->
        <test-method signature="switchalrt()[pri:7, instance:testScenarios.PracticePage@6d1ef78d]" started-at="2024-03-23T09:12:35Z" name="switchalrt" description="switchalert" finished-at="2024-03-23T09:12:39Z" duration-ms="4138" status="PASS">
          <reporter-output>
          </reporter-output>
        </test-method> <!-- switchalrt -->
        <test-method signature="mouseHover()[pri:8, instance:testScenarios.PracticePage@6d1ef78d]" started-at="2024-03-23T09:12:39Z" name="mouseHover" description="mousehover" finished-at="2024-03-23T09:12:41Z" duration-ms="1581" status="PASS">
          <reporter-output>
          </reporter-output>
        </test-method> <!-- mouseHover -->
        <test-method signature="writeWT()[pri:9, instance:testScenarios.PracticePage@6d1ef78d]" started-at="2024-03-23T09:12:41Z" name="writeWT" finished-at="2024-03-23T09:12:42Z" duration-ms="694" status="PASS">
          <reporter-output>
          </reporter-output>
        </test-method> <!-- writeWT -->
        <test-method signature="ReadWT()[pri:10, instance:testScenarios.PracticePage@6d1ef78d]" started-at="2024-03-23T09:12:42Z" name="ReadWT" finished-at="2024-03-23T09:12:42Z" duration-ms="0" status="PASS">
          <reporter-output>
          </reporter-output>
        </test-method> <!-- ReadWT -->
        <test-method signature="Webtabledata()[pri:11, instance:testScenarios.PracticePage@6d1ef78d]" started-at="2024-03-23T09:12:42Z" name="Webtabledata" finished-at="2024-03-23T09:12:42Z" duration-ms="824" status="PASS">
          <reporter-output>
          </reporter-output>
        </test-method> <!-- Webtabledata -->
        <test-method signature="compareData()[pri:12, instance:testScenarios.PracticePage@6d1ef78d]" started-at="2024-03-23T09:12:42Z" name="compareData" finished-at="2024-03-23T09:12:42Z" duration-ms="1" status="PASS">
          <reporter-output>
            <line>
              <![CDATA[Data not Matched with TextFile]]>
            </line>
            <line>
              <![CDATA[Data not Matched with TextFile]]>
            </line>
            <line>
              <![CDATA[Data not Matched with TextFile]]>
            </line>
          </reporter-output>
        </test-method> <!-- compareData -->
      </class> <!-- testScenarios.PracticePage -->
      <class name="testScenarios.SwitchingWindows">
        <test-method signature="switchWin()[pri:0, instance:testScenarios.SwitchingWindows@4748a0f9]" started-at="2024-03-23T09:12:27Z" name="switchWin" finished-at="2024-03-23T09:12:33Z" duration-ms="5748" status="PASS">
          <reporter-output>
          </reporter-output>
        </test-method> <!-- switchWin -->
      </class> <!-- testScenarios.SwitchingWindows -->
      <class name="testScenarios.MouseHover">
        <test-method signature="draganddrop()[pri:0, instance:testScenarios.MouseHover@4b14918a]" started-at="2024-03-23T09:12:05Z" name="draganddrop" finished-at="2024-03-23T09:12:07Z" duration-ms="2668" status="PASS">
          <reporter-output>
          </reporter-output>
        </test-method> <!-- draganddrop -->
      </class> <!-- testScenarios.MouseHover -->
      <class name="testScenarios.DynamicData">
        <test-method signature="MathCal()[pri:0, instance:testScenarios.DynamicData@6ad3381f]" started-at="2024-03-23T09:12:02Z" name="MathCal" finished-at="2024-03-23T09:12:05Z" duration-ms="2260" status="PASS">
          <reporter-output>
          </reporter-output>
        </test-method> <!-- MathCal -->
      </class> <!-- testScenarios.DynamicData -->
      <class name="Pratice.textBox">
        <test-method signature="dropdown()[pri:0, instance:Pratice.textBox@1a6c1270]" started-at="2024-03-23T09:12:07Z" name="dropdown" finished-at="2024-03-23T09:12:17Z" duration-ms="9974" status="PASS">
          <reporter-output>
          </reporter-output>
        </test-method> <!-- dropdown -->
      </class> <!-- Pratice.textBox -->
    </test> <!-- Test -->
  </suite> <!-- Suite -->
</testng-results>
